<?xml version="1.0" encoding="UTF-8"?>
<!-- Generated by org.testng.reporters.JUnitReportReporter -->
<testsuite hostname="Jarvis-Skynet" failures="0" tests="1" name="com.qa.TestScript.TestBase" time="0.013" errors="0" timestamp="2023-10-11T11:34:42 IST" skipped="0">
  <testcase classname="com.qa.TestScript.TestBase" name="VerifyFileFormat" time="0.013"/>
  <system-out/>
</testsuite> <!-- com.qa.TestScript.TestBase -->
