<?xml version="1.0" encoding="UTF-8"?>
<!-- Generated by org.testng.reporters.JUnitReportReporter -->
<testsuite hostname="Jarvis-Skynet" failures="0" tests="5" name="com.qa.TestScript.TestScenarios" time="1.037" errors="0" timestamp="2023-10-11T14:46:26 IST" skipped="0">
  <testcase classname="com.qa.TestScript.TestScenarios" name="VerifyFileFormat" time="0.000"/>
  <system-out/>
  <testcase classname="com.qa.TestScript.TestScenarios" name="ValidateVersionofPDF" time="0.000"/>
  <system-out/>
  <testcase classname="com.qa.TestScript.TestScenarios" name="CheckPasswordProtectionofPDF" time="0.000"/>
  <system-out/>
  <testcase classname="com.qa.TestScript.TestScenarios" name="ContentValidation" time="1.022"/>
  <system-out/>
  <testcase classname="com.qa.TestScript.TestScenarios" name="ValidatingLinksandBookmarks" time="0.015"/>
  <system-out/>
</testsuite> <!-- com.qa.TestScript.TestScenarios -->
